epoch,acc,loss,val_acc,val_loss
0,0.8590408468776732,0.3697229524304767,0.9235873287671232,0.24012937567081966
1,0.9212868905047049,0.23180374341568344,0.8984910102739726,0.2768943192794511
2,0.9317124679213002,0.2045849399948676,0.9386237157534246,0.19897052076045577
3,0.9374599016253208,0.19055292495088993,0.9420483732876712,0.18197128837864388
4,0.9395984816082121,0.18243868251381343,0.9477204623287672,0.16910890229556658
5,0.9421380453378957,0.17670571955735098,0.948148544520548,0.17097112424161337
6,0.9444102865697177,0.17132640285600675,0.9446168664383562,0.17134173721559856
7,0.9465755988023952,0.1659153813139318,0.9449379280821918,0.17257973694956977
8,0.947671621043627,0.16174799835722067,0.9501819349315068,0.16316484660229147
9,0.9490750641573995,0.16065200766942075,0.9448309075342466,0.16560044707347676
10,0.948968135158255,0.15710691826527984,0.9518407534246576,0.15914006420245316
11,0.951788387510693,0.15135645926304614,0.9496468321917808,0.1594288468501237
12,0.9528309452523525,0.14976278620065406,0.9473994006849316,0.16597242205569598
13,0.9529111420017109,0.147351437880856,0.9495933219178082,0.16160324191011183
14,0.9529646065012831,0.1460160805578475,0.9483625856164384,0.16204851777739313
15,0.9534324208725407,0.14521372415861505,0.9485766267123288,0.16073597343128226
16,0.9536061804961505,0.1435050821892592,0.9518942636986302,0.15723238032540843
17,0.9547423011120616,0.1423412979930206,0.942476455479452,0.1804820649128101
18,0.955009623609923,0.13848205462976065,0.9530714897260274,0.153709673300411
19,0.9555041702309667,0.1377979077612288,0.9506635273972602,0.15378965515873
20,0.9543947818648417,0.1399979361199907,0.9513056506849316,0.16206592755162552
21,0.9565868263473054,0.13433483276648447,0.9523758561643836,0.15753648035253767
22,0.9562125748502994,0.13400352320938957,0.9477204623287672,0.16324335792140193
23,0.9569343455945253,0.13268699794983804,0.9429045376712328,0.17855735361729175
24,0.9565199957228401,0.13348957403444256,0.946382705479452,0.16712372290761504
25,0.9581105645851155,0.12866705574471285,0.9506100171232876,0.15852643780359257
26,0.9574155260906758,0.12986997498989652,0.9524293664383562,0.15416869066642877
27,0.9576694824636441,0.12738038405100435,0.950021404109589,0.15720545588227067
28,0.958778870829769,0.12621846504850429,0.9514126712328768,0.1582583902684385
29,0.9578833404619332,0.12652684291434324,0.9534460616438356,0.1574442460128323
30,0.9580704662104362,0.1257130046238863,0.9503424657534246,0.15567294431671705
31,0.9597679640718563,0.12273739856509276,0.9506635273972602,0.159645960809765
32,0.9593135158254918,0.12233657914694236,0.950021404109589,0.16270688986597098
33,0.9603293413173652,0.1204688081293151,0.9496468321917808,0.16002080634982668
34,0.9590996578272027,0.12186387658415568,0.948416095890411,0.16549201663711097
35,0.9598748930710008,0.11971652199585114,0.9471318493150684,0.16645749511630975
36,0.9602224123182207,0.11979311148789804,0.9519477739726028,0.16251035232881517
37,0.9604362703165098,0.11882414970940522,0.9488441780821918,0.1752602824150291
38,0.9605565654405475,0.11793669086058008,0.9487371575342466,0.16705145134131283
39,0.9617595166809239,0.11568573206564343,0.9493257705479452,0.16751646572302975
40,0.961411997433704,0.11550051851876851,0.948683647260274,0.1712865253132194
41,0.9629892001710864,0.11144613505120432,0.9429045376712328,0.18796404611721176
42,0.960476368691189,0.11645560021614983,0.9485231164383562,0.17456260530361012
43,0.9621204020530368,0.11236985346383652,0.9494327910958904,0.18405677724553093
44,0.9615723909324209,0.11373210007044382,0.9491117294520548,0.16881690165410712
45,0.9626550470487596,0.11153490483757647,0.9457940924657534,0.17335880675978244
46,0.9620936698032506,0.11118475301868391,0.9450984589041096,0.17679251608764115
47,0.9612783361847733,0.11193110521004827,0.9420483732876712,0.1878801136698625
48,0.9635639435414884,0.10736894810698143,0.9493257705479452,0.16667344927634686
49,0.9620134730538922,0.10913169057641443,0.9485231164383562,0.17428474799946767
50,0.962735243798118,0.10743182776312578,0.9479345034246576,0.17715461905216415
51,0.9637911676646707,0.10569408802089335,0.9486301369863014,0.18066743576950203
52,0.9624946535500428,0.10635444669688712,0.947880993150685,0.17486523896812983
53,0.9630560307955518,0.10558325145951288,0.9495398116438356,0.18098707012640797
54,0.9633367194183062,0.1051043632123189,0.9464897260273972,0.17763321348529768
55,0.9639114627887083,0.1036598971233065,0.9472388698630136,0.1742544401124477
56,0.9629491017964071,0.10616581679630142,0.9474529109589042,0.17465535604254637
57,0.9636174080410608,0.10344841243767708,0.9452054794520548,0.18927666420206327
58,0.9636441402908469,0.10519384230957889,0.94921875,0.18237887087998886
59,0.9646465996578272,0.10083815216471603,0.9409781678082192,0.18473470894211572
60,0.9641119546621043,0.10275082990536713,0.9452589897260274,0.18007237462275852
61,0.963844632164243,0.10217637478248866,0.943974743150685,0.1843631436094667
62,0.9654886655260907,0.09807420130345056,0.9479880136986302,0.18116655163403142
63,0.9636976047904192,0.10068714471734659,0.9468642979452054,0.18566688373908147
64,0.9643659110350727,0.09997720251631045,0.945044948630137,0.19573395881859254
65,0.9650208511548332,0.0988063799429261,0.9446703767123288,0.18301454092509892
66,0.965742621899059,0.09732338272543406,0.942476455479452,0.1918949122167486
67,0.9641386869118905,0.09948749251749726,0.9473994006849316,0.18234085547099885
68,0.9653416381522669,0.09561106483941982,0.945580051369863,0.18699704537531744
69,0.9694584046193327,0.08347676402368959,0.9482020547945206,0.1864270076342246
70,0.9718242087254063,0.07701163220564278,0.9464362157534246,0.18502994434595466
71,0.9728133019674936,0.0734468576497533,0.9463291952054794,0.18939421215088248
72,0.9730137938408896,0.07083725411197134,0.9472388698630136,0.1896983333217452
73,0.9731340889649273,0.07003524530837528,0.9453660102739726,0.19568831738314196
74,0.9738959580838323,0.06786155766469702,0.9448309075342466,0.19598638659107104
75,0.9735618049615056,0.06803573129206283,0.9436001712328768,0.19832721585726798
76,0.9731207228400343,0.06719435107718175,0.9446168664383562,0.19773112983308885
77,0.9741632805816938,0.06507610227698357,0.9452054794520548,0.19722176942980707
78,0.97401625320787,0.06520694394801466,0.9434931506849316,0.2066925317862339
79,0.974590996578272,0.06436331071803256,0.944777397260274,0.20125456474648074
80,0.9748315868263473,0.06260176893292589,0.9438142123287672,0.20499376649489906
81,0.974029619332763,0.06293259245276585,0.9441352739726028,0.20894176322466068
82,0.9751791060735672,0.06276651320642798,0.9453660102739726,0.2075337308948566
83,0.9746310949529512,0.06174181420172798,0.9438142123287672,0.21004673321922757
84,0.9744840675791274,0.06182079328984098,0.9427975171232876,0.2104363138954895
85,0.9749652480752781,0.06062592773917756,0.9426369863013698,0.21548720268526256
86,0.9744707014542344,0.06101226743682741,0.9452054794520548,0.21110695771305274
87,0.9757404833190761,0.05943646493596499,0.9409246575342466,0.21368027030257508
88,0.9757404833190761,0.058244707887805836,0.9437607020547946,0.21431808204155683
89,0.9756068220701454,0.0590498192067329,0.943011558219178,0.22004602461565312
90,0.9753127673224978,0.05863066374900264,0.9423694349315068,0.21887489913385488
91,0.97553999144568,0.058367061496941715,0.9421553938356164,0.21773717226460576
92,0.9750989093242087,0.05858314875692569,0.94140625,0.22573933605748955
93,0.9761414670658682,0.05710406020816282,0.943279109589041,0.21769568650370896
94,0.9751791060735672,0.05786152827380969,0.9404965753424658,0.2298890807114108
95,0.9750320786997434,0.05794872109663901,0.9459011130136986,0.21534745761293803
96,0.9756335543199316,0.05757794916606687,0.9415667808219178,0.22779174765838273
97,0.9758073139435415,0.05637205822221613,0.9415132705479452,0.21934741429429602
98,0.9757003849443969,0.05718481490289724,0.9409781678082192,0.23404590611837242
99,0.976101368691189,0.05645508767821459,0.9406571061643836,0.2328469847801001
100,0.9756602865697177,0.055891457689771475,0.9396404109589042,0.22878403024834082
101,0.9757805816937554,0.05617124310181173,0.9423694349315068,0.2253016487197721
102,0.9760479041916168,0.05593446123937959,0.9398544520547946,0.2306397200278198
103,0.9753929640718563,0.05716830263620559,0.9407641267123288,0.22017194184774455
104,0.9758340461933276,0.05491388449146611,0.940068493150685,0.2379554426696228
105,0.9751523738237811,0.05582838964744545,0.940871147260274,0.23029643552511778
106,0.9765825491873396,0.05418588438328639,0.9394263698630136,0.23471818157959703
107,0.9755667236954663,0.055348620000032434,0.9427975171232876,0.2329494180767765
108,0.9761414670658682,0.05476475181297054,0.9402825342465754,0.2309530178094538
109,0.9749652480752781,0.05608100496221356,0.9412992294520548,0.23225839663741868
110,0.9754597946963216,0.05536255233877691,0.9406571061643836,0.23425709776467107
111,0.9769701668092386,0.052963129723850096,0.9406571061643836,0.2347314757412963
112,0.9763954234388366,0.05376564117484719,0.9399079623287672,0.2376872869806479
113,0.9756068220701454,0.054944744945178724,0.9410851883561644,0.23705766154596683
114,0.9769835329341318,0.05228371055523082,0.9399614726027398,0.23691567536706604
115,0.9754196963216424,0.05464907315186439,0.94140625,0.24081182917532168
116,0.977036997433704,0.05272499576019373,0.940068493150685,0.24465410359688614
117,0.9760479041916168,0.05368015529232146,0.9392123287671232,0.24120461827340178
118,0.9768231394354149,0.05222157037946801,0.939533390410959,0.23966966397192788
